build/app/outputs/mapping/release/seeds.txt
com.example.task_2_dev_t_gadani.MainActivity
com.example.task_2_dev_t_gadani.MainActivity: MainActivity()
...
io.flutter.embedding.engine.FlutterOverlaySurface: android.view.Surface surface
androidx.window.layout.WindowMetricsCalculatorCompat: androidx.window.layout.WindowMetricsCalculatorCompat INSTANCE
androidx.window.layout.SidecarWindowBackend$WindowLayoutChangeCallbackWrapper: androidx.window.layout.WindowLayoutInfo lastInfo
androidx.window.layout.WindowInfoTrackerImpl$windowLayoutInfo$1: android.app.Activity $activity
androidx.window.layout.FoldingFeature$State: androidx.window.layout.FoldingFeature$State$Companion Companion
androidx.window.R$styleable: int SplitPairRule_splitMinWidth
androidx.window.core.Version: kotlin.Lazy bigInteger$delegate
kotlinx.coroutines.scheduling.WorkQueue: int producerIndex
kotlinx.coroutines.scheduling.CoroutineScheduler$Worker: int indexInArray
androidx.window.layout.WindowInfoTracker$Companion: androidx.window.layout.WindowInfoTrackerDecorator decorator
io.flutter.view.AccessibilityViewEmbedder: java.util.Map embeddedViewToDisplayBounds
kotlinx.coroutines.CancelledContinuation: int _resumed
androidx.window.R$styleable: int SplitPairFilter_secondaryActivityAction
io.flutter.plugin.platform.SingleViewPresentation: android.content.Context outerContext
androidx.window.embedding.SplitRule: float splitRatio
androidx.window.layout.SidecarCompat$registerConfigurationChangeListener$configChangeObserver$1: android.app.Activity $activity
io.flutter.plugin.editing.ImeSyncDeferringInsetsCallback: io.flutter.plugin.editing.ImeSyncDeferringInsetsCallback$AnimationCallback animationCallback
androidx.window.embedding.ActivityRule: java.util.Set filters
io.flutter.embedding.engine.FlutterJNI: java.lang.String vmServiceUri
io.flutter.view.FlutterCallbackInformation: java.lang.String callbackLibraryPath
io.flutter.view.AccessibilityViewEmbedder: int nextFlutterId
io.flutter.embedding.engine.FlutterJNI: boolean loadLibraryCalled
androidx.window.R$attr: int placeholderActivityName
androidx.window.layout.SidecarWindowBackend: java.util.concurrent.locks.ReentrantLock globalLock
kotlin.jvm.internal.CallableReference: java.lang.String name
kotlin.jvm.internal.CallableReference: boolean isTopLevel
androidx.window.embedding.ExtensionEmbeddingBackend: java.lang.String TAG
kotlinx.coroutines.DispatchedCoroutine: int _decision
io.flutter.plugin.platform.SingleViewPresentation: android.widget.FrameLayout container
androidx.window.R$styleable: int[] SplitPairFilter
androidx.window.embedding.SplitInfo: androidx.window.embedding.ActivityStack primaryActivityStack
androidx.window.layout.SidecarWindowBackend$ExtensionListenerImpl: androidx.window.layout.SidecarWindowBackend this$0
io.flutter.plugin.platform.SingleViewPresentation: io.flutter.plugin.platform.SingleViewPresentation$PresentationState state
kotlinx.coroutines.internal.LockFreeTaskQueueCore: long _state
androidx.window.layout.WindowInfoTrackerImpl$windowLayoutInfo$1: int label
androidx.window.R$attr: int activityAction
androidx.window.embedding.SplitController: java.util.concurrent.locks.ReentrantLock globalLock
io.flutter.view.AccessibilityViewEmbedder: java.lang.String TAG
androidx.window.R$styleable: int ActivityRule_alwaysExpand
androidx.window.layout.ExtensionWindowLayoutInfoBackend$MulticastConsumer: java.util.concurrent.locks.ReentrantLock multicastConsumerLock
io.flutter.view.AccessibilityViewEmbedder: android.util.SparseArray flutterIdToOrigin
kotlinx.coroutines.android.HandlerDispatcherKt: android.view.Choreographer choreographer
io.flutter.plugin.editing.ImeSyncDeferringInsetsCallback: android.view.View view
androidx.window.layout.SidecarAdapter: androidx.window.layout.SidecarAdapter$Companion Companion
io.flutter.view.AccessibilityViewEmbedder: java.util.Map originToFlutterId
kotlinx.coroutines.CommonPool: java.util.concurrent.Executor pool
kotlinx.coroutines.internal.LockFreeLinkedListNode: java.lang.Object _next
androidx.window.R$attr: int secondaryActivityAction