build/app/outputs/mapping/release/mapping.txt
# compiler: R8
# compiler_version: 3.3.70
# min_api: 19
# common_typos_disable
# {"id":"com.android.tools.r8.mapping","version":"2.0"}
# pg_map_id: 7b2d55d
# pg_map_hash: SHA-256 7b2d55d9ba324edc116908830a231167e6064a93e326e0595cedf3c33009abab
...
io.flutter.embedding.android.FlutterImageView$$ExternalSyntheticApiModelOutline2 -> io.flutter.embedding.android.k:
# {"id":"sourceFile","fileName":"R8$$SyntheticClass"}
# {"id":"com.android.tools.r8.synthesized"}
    android.graphics.Bitmap io.flutter.embedding.android.FlutterImageView$$InternalSyntheticApiModelOutline$1$d1a8c58429280f3e2dd54e0c4bf91959d6429602b8bda5da00e0aed293d7b5e1$1.m(android.hardware.HardwareBuffer,android.graphics.ColorSpace) -> a
      # {"id":"com.android.tools.r8.synthesized"}
io.flutter.embedding.android.FlutterImageView$1 -> io.flutter.embedding.android.l$a:
    int[] $SwitchMap$io$flutter$embedding$android$FlutterImageView$SurfaceKind -> a
io.flutter.embedding.android.FlutterImageView$SurfaceKind -> io.flutter.embedding.android.l$b:
    io.flutter.embedding.android.FlutterImageView$SurfaceKind[] $VALUES -> f
    io.flutter.embedding.android.FlutterImageView$SurfaceKind overlay -> e
    io.flutter.embedding.android.FlutterImageView$SurfaceKind background -> d
io.flutter.embedding.android.FlutterSurfaceView -> io.flutter.embedding.android.m:
    io.flutter.embedding.engine.renderer.FlutterRenderer flutterRenderer -> e
    io.flutter.embedding.engine.renderer.FlutterUiDisplayListener flutterUiDisplayListener -> g
    android.view.SurfaceHolder$Callback surfaceCallback -> f
    boolean renderTransparently -> a
    boolean isSurfaceAvailableForRendering -> b
    boolean isPaused -> c
    boolean isAttachedToFlutterRenderer -> d
    void attachToRenderer(io.flutter.embedding.engine.renderer.FlutterRenderer) -> a
    void pause() -> b
    void detachFromRenderer() -> c
    boolean access$002(io.flutter.embedding.android.FlutterSurfaceView,boolean) -> d
    boolean access$100(io.flutter.embedding.android.FlutterSurfaceView) -> e
    void access$200(io.flutter.embedding.android.FlutterSurfaceView) -> f
    void access$300(io.flutter.embedding.android.FlutterSurfaceView,int,int) -> g
    void access$400(io.flutter.embedding.android.FlutterSurfaceView) -> h
    io.flutter.embedding.engine.renderer.FlutterRenderer access$500(io.flutter.embedding.android.FlutterSurfaceView) -> i
    void changeSurfaceSize(int,int) -> j
    void connectSurfaceToRenderer() -> k
    void disconnectSurfaceFromRenderer() -> l
    void init() -> m
io.flutter.embedding.android.FlutterSurfaceView$1 -> io.flutter.embedding.android.m$a:
    io.flutter.embedding.android.FlutterSurfaceView this$0 -> a
io.flutter.embedding.android.FlutterSurfaceView$2 -> io.flutter.embedding.android.m$b:
    io.flutter.embedding.android.FlutterSurfaceView this$0 -> a
    void onFlutterUiNoLongerDisplayed() -> b
    void onFlutterUiDisplayed() -> d
io.flutter.embedding.android.FlutterTextureView -> io.flutter.embedding.android.n:
    io.flutter.embedding.engine.renderer.FlutterRenderer flutterRenderer -> d
    android.view.TextureView$SurfaceTextureListener surfaceTextureListener -> f
    android.view.Surface renderSurface -> e
    boolean isSurfaceAvailableForRendering -> a
    boolean isAttachedToFlutterRenderer -> b
    boolean isPaused -> c
    void attachToRenderer(io.flutter.embedding.engine.renderer.FlutterRenderer) -> a
    void pause() -> b
    void detachFromRenderer() -> c
    boolean access$002(io.flutter.embedding.android.FlutterTextureView,boolean) -> d
    boolean access$100(io.flutter.embedding.android.FlutterTextureView) -> e
    void access$200(io.flutter.embedding.android.FlutterTextureView) -> f
    void access$300(io.flutter.embedding.android.FlutterTextureView,int,int) -> g
    void access$400(io.flutter.embedding.android.FlutterTextureView) -> h
    android.view.Surface access$500(io.flutter.embedding.android.FlutterTextureView) -> i
    android.view.Surface access$502(io.flutter.embedding.android.FlutterTextureView,android.view.Surface) -> j
    void changeSurfaceSize(int,int) -> k
    void connectSurfaceToRenderer() -> l
    void disconnectSurfaceFromRenderer() -> m
    void init() -> n