build/app/outputs/mapping/release/usage.txt
com.example.task_2_dev_t_gadani.BuildConfig
com.example.task_2_dev_t_gadani.R$attr
com.example.task_2_dev_t_gadani.R$color
com.example.task_2_dev_t_gadani.R$dimen
com.example.task_2_dev_t_gadani.R$drawable
com.example.task_2_dev_t_gadani.R$id
com.example.task_2_dev_t_gadani.R$integer
com.example.task_2_dev_t_gadani.R$layout
com.example.task_2_dev_t_gadani.R$mipmap
com.example.task_2_dev_t_gadani.R$string
com.example.task_2_dev_t_gadani.R$style
com.example.task_2_dev_t_gadani.R$styleable
com.example.task_2_dev_t_gadani.R
...
kotlinx.coroutines.flow.FlowKt__ZipKt$combineTransform$7$1
kotlinx.coroutines.flow.FlowKt__ZipKt$combineTransform$7$2
kotlinx.coroutines.flow.FlowKt__ZipKt$combineTransform$7
kotlinx.coroutines.flow.FlowKt__ZipKt$combineTransformUnsafe$1$1
kotlinx.coroutines.flow.FlowKt__ZipKt$combineTransformUnsafe$1
kotlinx.coroutines.flow.FlowKt__ZipKt$combineUnsafe$$inlined$unsafeFlow$1$1
kotlinx.coroutines.flow.FlowKt__ZipKt$combineUnsafe$$inlined$unsafeFlow$1
kotlinx.coroutines.flow.FlowKt__ZipKt$combineUnsafe$1$1
kotlinx.coroutines.flow.FlowKt__ZipKt$nullArrayFactory$1
kotlinx.coroutines.flow.FlowKt__ZipKt
kotlinx.coroutines.flow.LintKt$retry$1
kotlinx.coroutines.flow.LintKt
kotlinx.coroutines.flow.MutableSharedFlow
kotlinx.coroutines.flow.MutableStateFlow
kotlinx.coroutines.flow.ReadonlySharedFlow
kotlinx.coroutines.flow.ReadonlyStateFlow
kotlinx.coroutines.flow.SharedFlow
kotlinx.coroutines.flow.SharedFlowImpl$Emitter
kotlinx.coroutines.flow.SharedFlowImpl$WhenMappings
kotlinx.coroutines.flow.SharedFlowImpl$collect$1
kotlinx.coroutines.flow.SharedFlowImpl
kotlinx.coroutines.flow.SharedFlowKt
kotlinx.coroutines.flow.SharedFlowSlot
kotlinx.coroutines.flow.SharingCommand
kotlinx.coroutines.flow.SharingConfig
kotlinx.coroutines.flow.SharingStarted$Companion
kotlinx.coroutines.flow.SharingStarted
kotlinx.coroutines.flow.SharingStartedKt
kotlinx.coroutines.flow.StartedEagerly
kotlinx.coroutines.flow.StartedLazily$command$1$invokeSuspend$$inlined$collect$1$1
kotlinx.coroutines.flow.StartedLazily$command$1$invokeSuspend$$inlined$collect$1
kotlinx.coroutines.flow.StartedLazily$command$1
kotlinx.coroutines.flow.StartedLazily
kotlinx.coroutines.flow.StartedWhileSubscribed$command$1
kotlinx.coroutines.flow.StartedWhileSubscribed$command$2
kotlinx.coroutines.flow.StartedWhileSubscribed
kotlinx.coroutines.flow.StateFlow
kotlinx.coroutines.flow.StateFlowImpl$collect$1
kotlinx.coroutines.flow.StateFlowImpl
kotlinx.coroutines.flow.StateFlowKt
kotlinx.coroutines.flow.StateFlowSlot
kotlinx.coroutines.flow.SubscribedFlowCollector$onSubscription$1
kotlinx.coroutines.flow.SubscribedFlowCollector
kotlinx.coroutines.flow.SubscribedSharedFlow
kotlinx.coroutines.flow.ThrowingCollector
kotlinx.coroutines.flow.internal.AbortFlowException
kotlinx.coroutines.flow.internal.AbstractSharedFlow
kotlinx.coroutines.flow.internal.AbstractSharedFlowKt
kotlinx.coroutines.flow.internal.AbstractSharedFlowSlot
kotlinx.coroutines.flow.internal.ChannelFlow$collect$2
kotlinx.coroutines.flow.internal.ChannelFlow$collectToFun$1
kotlinx.coroutines.flow.internal.ChannelFlow
kotlinx.coroutines.flow.internal.ChannelFlowKt
kotlinx.coroutines.flow.internal.ChannelFlowMerge$collectTo$$inlined$collect$1$1
kotlinx.coroutines.flow.internal.ChannelFlowMerge$collectTo$$inlined$collect$1
kotlinx.coroutines.flow.internal.ChannelFlowMerge$collectTo$2$1
kotlinx.coroutines.flow.internal.ChannelFlowMerge
kotlinx.coroutines.flow.internal.ChannelFlowOperator$collectWithContextUndispatched$2
kotlinx.coroutines.flow.internal.ChannelFlowOperator
kotlinx.coroutines.flow.internal.ChannelFlowOperatorImpl
kotlinx.coroutines.flow.internal.ChannelFlowTransformLatest$flowCollect$3$1$2
kotlinx.coroutines.flow.internal.ChannelFlowTransformLatest$flowCollect$3$invokeSuspend$$inlined$collect$1$1
kotlinx.coroutines.flow.internal.ChannelFlowTransformLatest$flowCollect$3$invokeSuspend$$inlined$collect$1
kotlinx.coroutines.flow.internal.ChannelFlowTransformLatest$flowCollect$3
kotlinx.coroutines.flow.internal.ChannelFlowTransformLatest
kotlinx.coroutines.flow.internal.ChannelLimitedFlowMerge$collectTo$2$1
kotlinx.coroutines.flow.internal.ChannelLimitedFlowMerge
kotlinx.coroutines.flow.internal.ChildCancelledException
kotlinx.coroutines.flow.internal.CombineKt$combineInternal$2$1$invokeSuspend$$inlined$collect$1$1
kotlinx.coroutines.flow.internal.CombineKt$combineInternal$2$1$invokeSuspend$$inlined$collect$1
kotlinx.coroutines.flow.internal.CombineKt$combineInternal$2$1